<?xml version="1.0" encoding="UTF-8"?>
<!-- Generated by org.testng.reporters.JUnitReportReporter -->
<testsuite hostname="LAPTOP-K44KPQ32" failures="0" tests="2" name="com.qa.testLayer.TestHome" time="17.840" errors="0" timestamp="2022-05-01T03:14:34 IST" skipped="0">
  <testcase classname="com.qa.testLayer.TestHome" name="checkFashion" time="10.121"/>
  <system-out/>
  <testcase classname="com.qa.testLayer.TestHome" name="checkMobile" time="7.719"/>
  <system-out/>
</testsuite> <!-- com.qa.testLayer.TestHome -->
